Using pre-set license
Built from '2020.2/release' branch; Version is '2020.2.1f1 (270dd8c3da1c) revision 2559448'; Using compiler version '192528614'; Build Type 'Release'
OS: 'Windows 10  (10.0.0) 64bit' Language: 'en' Physical Memory: 32430 MB
BatchMode: 1, IsHumanControllingUs: 0, StartBugReporterOnCrash: 0, Is64bit: 1, IsPro: 0

 COMMAND LINE ARGUMENTS:
F:\UnityEditors\2020.2.1f1\Editor\Unity.exe
-adb2
-batchMode
-noUpm
-name
AssetImportWorker0
-projectPath
G:/codingprojects/MetaVerseSocketServer
-logFile
Logs/AssetImportWorker0.log
-srvPort
57925
Successfully changed project path to: G:/codingprojects/MetaVerseSocketServer
G:/codingprojects/MetaVerseSocketServer
Using Asset Import Pipeline V2.
Refreshing native plugins compatible for Editor in 26.75 ms, found 0 plugins.
Preloading 0 native plugins for Editor in 0.00 ms.
Initialize engine version: 2020.2.1f1 (270dd8c3da1c)
[Subsystems] Discovering subsystems at path F:/UnityEditors/2020.2.1f1/Editor/Data/Resources/UnitySubsystems
[Subsystems] Discovering subsystems at path G:/codingprojects/MetaVerseSocketServer/Assets
GfxDevice: creating device client; threaded=0
Direct3D:
    Version:  Direct3D 11.0 [level 11.1]
    Renderer: NVIDIA GeForce GTX 1660 Ti (ID=0x2182)
    Vendor:   
    VRAM:     5991 MB
    Driver:   30.0.14.9649
Initialize mono
Mono path[0] = 'F:/UnityEditors/2020.2.1f1/Editor/Data/Managed'
Mono path[1] = 'F:/UnityEditors/2020.2.1f1/Editor/Data/MonoBleedingEdge/lib/mono/unityjit'
Mono config path = 'F:/UnityEditors/2020.2.1f1/Editor/Data/MonoBleedingEdge/etc'
Using monoOptions --debugger-agent=transport=dt_socket,embedding=1,server=y,suspend=n,address=127.0.0.1:56972
Begin MonoManager ReloadAssembly
Registering precompiled unity dll's ...
Register platform support module: F:/UnityEditors/2020.2.1f1/Editor/Data/PlaybackEngines/WindowsStandaloneSupport/UnityEditor.WindowsStandalone.Extensions.dll
Registered in 0.002952 seconds.
Native extension for WindowsStandalone target not found
Refreshing native plugins compatible for Editor in 18.01 ms, found 0 plugins.
Preloading 0 native plugins for Editor in 0.00 ms.
Invoked RoslynAnalysisRunner static constructor.
RoslynAnalysisRunner will not be running.
RoslynAnalysisRunner has terminated.
Mono: successfully reloaded assembly
- Completed reload, in  1.141 seconds
Platform modules already initialized, skipping
Registering precompiled user dll's ...
Registered in 0.036577 seconds.
Begin MonoManager ReloadAssembly
Native extension for WindowsStandalone target not found
Refreshing native plugins compatible for Editor in 0.17 ms, found 0 plugins.
Preloading 0 native plugins for Editor in 0.00 ms.
Invoked RoslynAnalysisRunner static constructor.
RoslynAnalysisRunner will not be running.
RoslynAnalysisRunner has terminated.
Mono: successfully reloaded assembly
- Completed reload, in  1.069 seconds
Platform modules already initialized, skipping
========================================================================
Worker process is ready to serve import requests
Launched and connected shader compiler UnityShaderCompiler.exe after 0.04 seconds
Refreshing native plugins compatible for Editor in 0.19 ms, found 0 plugins.
Preloading 0 native plugins for Editor in 0.00 ms.
Unloading 1094 Unused Serialized files (Serialized files now loaded: 0)
System memory in use before: 55.9 MB.
System memory in use after: 55.9 MB.

Unloading 10 unused Assets to reduce memory usage. Loaded Objects now: 1533.
Total: 1.610800 ms (FindLiveObjects: 0.131800 ms CreateObjectMapping: 0.035600 ms MarkObjects: 1.380500 ms  DeleteObjects: 0.061400 ms)

========================================================================
Received Import Request.
  path: Assets/Scenes
  artifactKey: Guid(33b519b98fd82e041aa4c473a4be0449) Importer(815301076,1909f56bfc062723c751e8b465ee728b)
Start importing Assets/Scenes using Guid(33b519b98fd82e041aa4c473a4be0449) Importer(815301076,1909f56bfc062723c751e8b465ee728b)  -> (artifact id: 'a2d9e431302301c70968dad413a30ab8') in 0.027879 seconds
  Import took 0.031735 seconds .

========================================================================
Received Import Request.
  Time since last request: 8.926996 seconds.
  path: Assets/Scenes/Scripts
  artifactKey: Guid(b085050f2dc90e44789e4692f8e2950c) Importer(815301076,1909f56bfc062723c751e8b465ee728b)
Start importing Assets/Scenes/Scripts using Guid(b085050f2dc90e44789e4692f8e2950c) Importer(815301076,1909f56bfc062723c751e8b465ee728b)  -> (artifact id: '1538e999c87eb607ad8bcea525c71a7e') in 0.023678 seconds
  Import took 0.028059 seconds .

========================================================================
Received Import Request.
  Time since last request: 11.556714 seconds.
  path: Assets/Scenes/Scripts/Server.cs
  artifactKey: Guid(45ccd50ec7e8aeb48bb4622646f2ea63) Importer(815301076,1909f56bfc062723c751e8b465ee728b)
Start importing Assets/Scenes/Scripts/Server.cs using Guid(45ccd50ec7e8aeb48bb4622646f2ea63) Importer(815301076,1909f56bfc062723c751e8b465ee728b)  -> (artifact id: '21724c3464640830fabbd3c5a46f3501') in 0.058318 seconds
  Import took 0.060704 seconds .

========================================================================
Received Prepare
Registering precompiled user dll's ...
Registered in 0.000415 seconds.
Begin MonoManager ReloadAssembly
Native extension for WindowsStandalone target not found
Refreshing native plugins compatible for Editor in 0.18 ms, found 0 plugins.
Preloading 0 native plugins for Editor in 0.00 ms.
Invoked RoslynAnalysisRunner static constructor.
RoslynAnalysisRunner will not be running.
RoslynAnalysisRunner has terminated.
Mono: successfully reloaded assembly
- Completed reload, in  0.626 seconds
Platform modules already initialized, skipping
Refreshing native plugins compatible for Editor in 0.17 ms, found 0 plugins.
Preloading 0 native plugins for Editor in 0.00 ms.
Unloading 1090 Unused Serialized files (Serialized files now loaded: 0)
System memory in use before: 55.9 MB.
System memory in use after: 56.0 MB.

Unloading 5 unused Assets to reduce memory usage. Loaded Objects now: 1536.
Total: 1.559600 ms (FindLiveObjects: 0.153700 ms CreateObjectMapping: 0.045700 ms MarkObjects: 1.312200 ms  DeleteObjects: 0.046500 ms)

========================================================================
Received Import Request.
  Time since last request: 8555.730801 seconds.
  path: Assets/Scenes/Scripts/Server.cs
  artifactKey: Guid(45ccd50ec7e8aeb48bb4622646f2ea63) Importer(815301076,1909f56bfc062723c751e8b465ee728b)
Start importing Assets/Scenes/Scripts/Server.cs using Guid(45ccd50ec7e8aeb48bb4622646f2ea63) Importer(815301076,1909f56bfc062723c751e8b465ee728b)  -> (artifact id: '91d415fffa7f2af9c8aca5ef474bdc78') in 0.053435 seconds
  Import took 0.082818 seconds .

========================================================================
Received Import Request.
  Time since last request: 12.533397 seconds.
  path: Assets/Scenes/Scripts/Server.cs
  artifactKey: Guid(45ccd50ec7e8aeb48bb4622646f2ea63) Importer(815301076,1909f56bfc062723c751e8b465ee728b)
Start importing Assets/Scenes/Scripts/Server.cs using Guid(45ccd50ec7e8aeb48bb4622646f2ea63) Importer(815301076,1909f56bfc062723c751e8b465ee728b)  -> (artifact id: '9580fc6609873049f00987312b9386fa') in 0.018635 seconds
  Import took 0.021404 seconds .

========================================================================
Received Import Request.
  Time since last request: 10.711635 seconds.
  path: Assets/Scenes/Scripts/Server.cs
  artifactKey: Guid(45ccd50ec7e8aeb48bb4622646f2ea63) Importer(815301076,1909f56bfc062723c751e8b465ee728b)
Start importing Assets/Scenes/Scripts/Server.cs using Guid(45ccd50ec7e8aeb48bb4622646f2ea63) Importer(815301076,1909f56bfc062723c751e8b465ee728b)  -> (artifact id: '469c401e77513d5ceb7e94b58e183320') in 0.018301 seconds
  Import took 0.020743 seconds .

========================================================================
Received Import Request.
  Time since last request: 8.911122 seconds.
  path: Assets/Scenes/Scripts/Server.cs
  artifactKey: Guid(45ccd50ec7e8aeb48bb4622646f2ea63) Importer(815301076,1909f56bfc062723c751e8b465ee728b)
Start importing Assets/Scenes/Scripts/Server.cs using Guid(45ccd50ec7e8aeb48bb4622646f2ea63) Importer(815301076,1909f56bfc062723c751e8b465ee728b)  -> (artifact id: '4cc6c94d20ab4f8b0bff6e1d5f769397') in 0.018346 seconds
  Import took 0.019820 seconds .

========================================================================
Received Prepare
Registering precompiled user dll's ...
Registered in 0.000455 seconds.
Begin MonoManager ReloadAssembly
Native extension for WindowsStandalone target not found
Refreshing native plugins compatible for Editor in 0.18 ms, found 0 plugins.
Preloading 0 native plugins for Editor in 0.00 ms.
Invoked RoslynAnalysisRunner static constructor.
RoslynAnalysisRunner will not be running.
RoslynAnalysisRunner has terminated.
Mono: successfully reloaded assembly
- Completed reload, in  0.738 seconds
Platform modules already initialized, skipping
Refreshing native plugins compatible for Editor in 0.17 ms, found 0 plugins.
Preloading 0 native plugins for Editor in 0.00 ms.
Unloading 1090 Unused Serialized files (Serialized files now loaded: 0)
System memory in use before: 56.0 MB.
System memory in use after: 56.1 MB.

Unloading 5 unused Assets to reduce memory usage. Loaded Objects now: 1538.
Total: 1.900100 ms (FindLiveObjects: 0.258000 ms CreateObjectMapping: 0.111500 ms MarkObjects: 1.491300 ms  DeleteObjects: 0.038100 ms)

========================================================================
Received Import Request.
  Time since last request: 68.515155 seconds.
  path: Assets/Scenes/Scripts/Server.cs
  artifactKey: Guid(45ccd50ec7e8aeb48bb4622646f2ea63) Importer(815301076,1909f56bfc062723c751e8b465ee728b)
Start importing Assets/Scenes/Scripts/Server.cs using Guid(45ccd50ec7e8aeb48bb4622646f2ea63) Importer(815301076,1909f56bfc062723c751e8b465ee728b)  -> (artifact id: '7055a06d3d46a63c9aa2a74efe0eba78') in 0.038922 seconds
  Import took 0.042246 seconds .

AssetImportWorkerClient::OnTransportError - code=2 error=End of file
